[debug] [2022-12-18T19:09:38.126Z] ----------------------------------------------------------------------
[debug] [2022-12-18T19:09:38.129Z] Command:       C:\Program Files\nodejs\node.exe C:\Users\Alexandre\AppData\Roaming\npm\node_modules\firebase-tools\lib\bin\firebase.js init
[debug] [2022-12-18T19:09:38.130Z] CLI Version:   11.18.0
[debug] [2022-12-18T19:09:38.130Z] Platform:      win32
[debug] [2022-12-18T19:09:38.130Z] Node Version:  v16.14.0
[debug] [2022-12-18T19:09:38.131Z] Time:          Sun Dec 18 2022 16:09:38 GMT-0300 (Horário Padrão de Brasília)
[debug] [2022-12-18T19:09:38.132Z] ----------------------------------------------------------------------
[debug] 
[debug] [2022-12-18T19:09:38.219Z] > command requires scopes: ["email","openid","https://www.googleapis.com/auth/cloudplatformprojects.readonly","https://www.googleapis.com/auth/firebase","https://www.googleapis.com/auth/cloud-platform"]
[debug] [2022-12-18T19:09:38.220Z] > authorizing via signed-in user (alemartinho33@gmail.com)
[info] 
     ######## #### ########  ######## ########     ###     ######  ########
     ##        ##  ##     ## ##       ##     ##  ##   ##  ##       ##
     ######    ##  ########  ######   ########  #########  ######  ######
     ##        ##  ##    ##  ##       ##     ## ##     ##       ## ##
     ##       #### ##     ## ######## ########  ##     ##  ######  ########

You're about to initialize a Firebase project in this directory:

  C:\Users\Alexandre\Desktop\React-Projects\alexandre-martinho-ecommerce

Before we get started, keep in mind:

  * You are initializing within an existing Firebase project directory

[info] 
=== Project Setup
[info] 
[info] First, let's associate this project directory with a Firebase project.
[info] You can create multiple project aliases by running firebase use --add, 
[info] but for now we'll just set up a default project.
[info] 
[debug] [2022-12-18T19:12:10.327Z] Using project from CLI flag: eshop-c2e0a
[debug] [2022-12-18T19:12:10.330Z] >>> [apiv2][query] GET https://firebase.googleapis.com/v1beta1/projects/eshop-c2e0a [none]
[debug] [2022-12-18T19:12:10.801Z] <<< [apiv2][status] GET https://firebase.googleapis.com/v1beta1/projects/eshop-c2e0a 403
[debug] [2022-12-18T19:12:10.801Z] <<< [apiv2][body] GET https://firebase.googleapis.com/v1beta1/projects/eshop-c2e0a {"error":{"code":403,"message":"The caller does not have permission","status":"PERMISSION_DENIED"}}
[debug] [2022-12-18T19:12:10.802Z] HTTP Error: 403, The caller does not have permission
[debug] [2022-12-18T19:12:10.997Z] FirebaseError: HTTP Error: 403, The caller does not have permission
    at responseToError (C:\Users\Alexandre\AppData\Roaming\npm\node_modules\firebase-tools\lib\responseToError.js:49:12)
    at RetryOperation._fn (C:\Users\Alexandre\AppData\Roaming\npm\node_modules\firebase-tools\lib\apiv2.js:288:77)
    at processTicksAndRejections (node:internal/process/task_queues:96:5)
[error] 
[error] Error: Failed to get Firebase project eshop-c2e0a. Please make sure the project exists and your account has permission to access it.
